Started GET "/" for ::1 at 2017-10-03 17:40:53 -0400
  [1m[35m (6.7ms)[0m  [1m[34mSELECT "schema_migrations"."version" FROM "schema_migrations" ORDER BY "schema_migrations"."version" ASC[0m
  
ActiveRecord::PendingMigrationError (

Migrations are pending. To resolve this issue, run:

        bin/rails db:migrate RAILS_ENV=development

):
  
activerecord (5.1.4) lib/active_record/migration.rb:576:in `check_pending!'
activerecord (5.1.4) lib/active_record/migration.rb:553:in `call'
actionpack (5.1.4) lib/action_dispatch/middleware/callbacks.rb:26:in `block in call'
activesupport (5.1.4) lib/active_support/callbacks.rb:97:in `run_callbacks'
actionpack (5.1.4) lib/action_dispatch/middleware/callbacks.rb:24:in `call'
actionpack (5.1.4) lib/action_dispatch/middleware/executor.rb:12:in `call'
actionpack (5.1.4) lib/action_dispatch/middleware/debug_exceptions.rb:59:in `call'
web-console (3.5.1) lib/web_console/middleware.rb:135:in `call_app'
web-console (3.5.1) lib/web_console/middleware.rb:28:in `block in call'
web-console (3.5.1) lib/web_console/middleware.rb:18:in `catch'
web-console (3.5.1) lib/web_console/middleware.rb:18:in `call'
actionpack (5.1.4) lib/action_dispatch/middleware/show_exceptions.rb:31:in `call'
railties (5.1.4) lib/rails/rack/logger.rb:36:in `call_app'
railties (5.1.4) lib/rails/rack/logger.rb:24:in `block in call'
activesupport (5.1.4) lib/active_support/tagged_logging.rb:69:in `block in tagged'
activesupport (5.1.4) lib/active_support/tagged_logging.rb:26:in `tagged'
activesupport (5.1.4) lib/active_support/tagged_logging.rb:69:in `tagged'
railties (5.1.4) lib/rails/rack/logger.rb:24:in `call'
sprockets-rails (3.2.1) lib/sprockets/rails/quiet_assets.rb:13:in `call'
actionpack (5.1.4) lib/action_dispatch/middleware/remote_ip.rb:79:in `call'
actionpack (5.1.4) lib/action_dispatch/middleware/request_id.rb:25:in `call'
rack (2.0.3) lib/rack/method_override.rb:22:in `call'
rack (2.0.3) lib/rack/runtime.rb:22:in `call'
activesupport (5.1.4) lib/active_support/cache/strategy/local_cache_middleware.rb:27:in `call'
actionpack (5.1.4) lib/action_dispatch/middleware/executor.rb:12:in `call'
actionpack (5.1.4) lib/action_dispatch/middleware/static.rb:125:in `call'
rack (2.0.3) lib/rack/sendfile.rb:111:in `call'
webpacker (3.0.1) lib/webpacker/dev_server_proxy.rb:17:in `perform_request'
rack-proxy (0.6.2) lib/rack/proxy.rb:57:in `call'
railties (5.1.4) lib/rails/engine.rb:522:in `call'
puma (3.10.0) lib/puma/configuration.rb:225:in `call'
puma (3.10.0) lib/puma/server.rb:605:in `handle_request'
puma (3.10.0) lib/puma/server.rb:437:in `process_client'
puma (3.10.0) lib/puma/server.rb:301:in `block in run'
puma (3.10.0) lib/puma/thread_pool.rb:120:in `block in spawn_thread'
  [1m[35m (1.8ms)[0m  [1m[34mSELECT "schema_migrations"."version" FROM "schema_migrations" ORDER BY "schema_migrations"."version" ASC[0m
  [1m[35m (6.1ms)[0m  [1m[34mSELECT "ar_internal_metadata"."value" FROM "ar_internal_metadata" WHERE "ar_internal_metadata"."key" = $1[0m  [["key", "environment"]]
  [1m[35m (0.6ms)[0m  [1m[34mSELECT "schema_migrations"."version" FROM "schema_migrations" ORDER BY "schema_migrations"."version" ASC[0m
  [1m[35m (0.6ms)[0m  [1m[34mSELECT "ar_internal_metadata"."value" FROM "ar_internal_metadata" WHERE "ar_internal_metadata"."key" = $1[0m  [["key", "environment"]]
  [1m[35m (0.6ms)[0m  [1m[34mSELECT "schema_migrations"."version" FROM "schema_migrations" ORDER BY "schema_migrations"."version" ASC[0m
  [1m[35m (0.6ms)[0m  [1m[34mSELECT "ar_internal_metadata"."value" FROM "ar_internal_metadata" WHERE "ar_internal_metadata"."key" = $1[0m  [["key", "environment"]]
  [1m[35m (220.0ms)[0m  [1m[35mDROP DATABASE IF EXISTS "rails-react-starter-tutorial_development"[0m
  [1m[35m (208.7ms)[0m  [1m[35mDROP DATABASE IF EXISTS "rails-react-starter-tutorial_test"[0m
  [1m[35m (1493.2ms)[0m  [1m[35mCREATE DATABASE "rails-react-starter-tutorial_development" ENCODING = 'unicode'[0m
  [1m[35m (1005.0ms)[0m  [1m[35mCREATE DATABASE "rails-react-starter-tutorial_test" ENCODING = 'unicode'[0m
  [1m[35mSQL (3.4ms)[0m  [1m[35mCREATE EXTENSION IF NOT EXISTS "plpgsql"[0m
  [1m[35m (2.4ms)[0m  [1m[35mDROP TABLE IF EXISTS "quotes" CASCADE[0m
  [1m[35m (39.4ms)[0m  [1m[35mCREATE TABLE "quotes" ("id" bigserial primary key, "text" character varying, "author" character varying, "created_at" timestamp NOT NULL, "updated_at" timestamp NOT NULL)[0m
  [1m[35m (5.8ms)[0m  [1m[35mCREATE TABLE "schema_migrations" ("version" character varying NOT NULL PRIMARY KEY)[0m
  [1m[35m (4.0ms)[0m  [1m[34mSELECT "schema_migrations"."version" FROM "schema_migrations" ORDER BY "schema_migrations"."version" ASC[0m
  [1m[35m (4.4ms)[0m  [1m[32mINSERT INTO "schema_migrations" (version) VALUES (20171002222507)[0m
  [1m[35m (6.6ms)[0m  [1m[35mCREATE TABLE "ar_internal_metadata" ("key" character varying NOT NULL PRIMARY KEY, "value" character varying, "created_at" timestamp NOT NULL, "updated_at" timestamp NOT NULL)[0m
  [1m[36mActiveRecord::InternalMetadata Load (3.4ms)[0m  [1m[34mSELECT  "ar_internal_metadata".* FROM "ar_internal_metadata" WHERE "ar_internal_metadata"."key" = $1 LIMIT $2[0m  [["key", "environment"], ["LIMIT", 1]]
  [1m[35m (0.6ms)[0m  [1m[35mBEGIN[0m
  [1m[35mSQL (1.9ms)[0m  [1m[32mINSERT INTO "ar_internal_metadata" ("key", "value", "created_at", "updated_at") VALUES ($1, $2, $3, $4) RETURNING "key"[0m  [["key", "environment"], ["value", "development"], ["created_at", "2017-10-03 21:41:29.177282"], ["updated_at", "2017-10-03 21:41:29.177282"]]
  [1m[35m (0.5ms)[0m  [1m[35mCOMMIT[0m
  [1m[36mActiveRecord::InternalMetadata Load (0.5ms)[0m  [1m[34mSELECT  "ar_internal_metadata".* FROM "ar_internal_metadata" WHERE "ar_internal_metadata"."key" = $1 LIMIT $2[0m  [["key", "environment"], ["LIMIT", 1]]
  [1m[35m (0.3ms)[0m  [1m[35mBEGIN[0m
  [1m[35m (0.2ms)[0m  [1m[35mCOMMIT[0m
  [1m[35mSQL (0.5ms)[0m  [1m[35mCREATE EXTENSION IF NOT EXISTS "plpgsql"[0m
  [1m[35m (0.5ms)[0m  [1m[35mDROP TABLE IF EXISTS "quotes" CASCADE[0m
  [1m[35m (15.7ms)[0m  [1m[35mCREATE TABLE "quotes" ("id" bigserial primary key, "text" character varying, "author" character varying, "created_at" timestamp NOT NULL, "updated_at" timestamp NOT NULL)[0m
  [1m[35m (6.8ms)[0m  [1m[35mCREATE TABLE "schema_migrations" ("version" character varying NOT NULL PRIMARY KEY)[0m
  [1m[35m (4.0ms)[0m  [1m[34mSELECT "schema_migrations"."version" FROM "schema_migrations" ORDER BY "schema_migrations"."version" ASC[0m
  [1m[35m (1.1ms)[0m  [1m[32mINSERT INTO "schema_migrations" (version) VALUES (20171002222507)[0m
  [1m[35m (6.2ms)[0m  [1m[35mCREATE TABLE "ar_internal_metadata" ("key" character varying NOT NULL PRIMARY KEY, "value" character varying, "created_at" timestamp NOT NULL, "updated_at" timestamp NOT NULL)[0m
  [1m[36mActiveRecord::InternalMetadata Load (2.4ms)[0m  [1m[34mSELECT  "ar_internal_metadata".* FROM "ar_internal_metadata" WHERE "ar_internal_metadata"."key" = $1 LIMIT $2[0m  [["key", "environment"], ["LIMIT", 1]]
  [1m[35m (0.2ms)[0m  [1m[35mBEGIN[0m
  [1m[35mSQL (0.6ms)[0m  [1m[32mINSERT INTO "ar_internal_metadata" ("key", "value", "created_at", "updated_at") VALUES ($1, $2, $3, $4) RETURNING "key"[0m  [["key", "environment"], ["value", "development"], ["created_at", "2017-10-03 21:41:29.290287"], ["updated_at", "2017-10-03 21:41:29.290287"]]
  [1m[35m (0.4ms)[0m  [1m[35mCOMMIT[0m
  [1m[36mActiveRecord::InternalMetadata Load (0.9ms)[0m  [1m[34mSELECT  "ar_internal_metadata".* FROM "ar_internal_metadata" WHERE "ar_internal_metadata"."key" = $1 LIMIT $2[0m  [["key", "environment"], ["LIMIT", 1]]
  [1m[35m (0.2ms)[0m  [1m[35mBEGIN[0m
  [1m[35m (0.2ms)[0m  [1m[35mCOMMIT[0m
  [1m[35m (4.6ms)[0m  [1m[34mSELECT "schema_migrations"."version" FROM "schema_migrations" ORDER BY "schema_migrations"."version" ASC[0m
  [1m[35mSQL (3.8ms)[0m  [1m[31mDELETE FROM "quotes"[0m
  [1m[35m (0.3ms)[0m  [1m[35mBEGIN[0m
  [1m[35mSQL (1.1ms)[0m  [1m[32mINSERT INTO "quotes" ("text", "author", "created_at", "updated_at") VALUES ($1, $2, $3, $4) RETURNING "id"[0m  [["text", "Be yourself; everyone else is already taken."], ["author", "Oscar Wilde"], ["created_at", "2017-10-03 21:41:29.415183"], ["updated_at", "2017-10-03 21:41:29.415183"]]
  [1m[35m (3.0ms)[0m  [1m[35mCOMMIT[0m
  [1m[35m (0.2ms)[0m  [1m[35mBEGIN[0m
  [1m[35mSQL (0.6ms)[0m  [1m[32mINSERT INTO "quotes" ("text", "author", "created_at", "updated_at") VALUES ($1, $2, $3, $4) RETURNING "id"[0m  [["text", "Two things are infinite: the universe and human stupidity; and I'm not sure about the universe."], ["author", "Albert Einstein"], ["created_at", "2017-10-03 21:41:29.421997"], ["updated_at", "2017-10-03 21:41:29.421997"]]
  [1m[35m (0.5ms)[0m  [1m[35mCOMMIT[0m
  [1m[35m (0.2ms)[0m  [1m[35mBEGIN[0m
  [1m[35mSQL (0.6ms)[0m  [1m[32mINSERT INTO "quotes" ("text", "author", "created_at", "updated_at") VALUES ($1, $2, $3, $4) RETURNING "id"[0m  [["text", "So many books, so little time."], ["author", "Frank Zappa"], ["created_at", "2017-10-03 21:41:29.425281"], ["updated_at", "2017-10-03 21:41:29.425281"]]
  [1m[35m (0.5ms)[0m  [1m[35mCOMMIT[0m
  [1m[35m (0.2ms)[0m  [1m[35mBEGIN[0m
  [1m[35mSQL (0.6ms)[0m  [1m[32mINSERT INTO "quotes" ("text", "author", "created_at", "updated_at") VALUES ($1, $2, $3, $4) RETURNING "id"[0m  [["text", "Be the change that you wish to see in the world"], ["author", "Mahatma Gandhi"], ["created_at", "2017-10-03 21:41:29.428078"], ["updated_at", "2017-10-03 21:41:29.428078"]]
  [1m[35m (0.5ms)[0m  [1m[35mCOMMIT[0m
  [1m[35m (0.2ms)[0m  [1m[35mBEGIN[0m
  [1m[35mSQL (0.5ms)[0m  [1m[32mINSERT INTO "quotes" ("text", "author", "created_at", "updated_at") VALUES ($1, $2, $3, $4) RETURNING "id"[0m  [["text", "If you tell the truth, you don't have to remember anything."], ["author", "Mark Twain"], ["created_at", "2017-10-03 21:41:29.431108"], ["updated_at", "2017-10-03 21:41:29.431108"]]
  [1m[35m (0.5ms)[0m  [1m[35mCOMMIT[0m
Started GET "/" for ::1 at 2017-10-03 17:41:54 -0400
  [1m[35m (6.7ms)[0m  [1m[34mSELECT "schema_migrations"."version" FROM "schema_migrations" ORDER BY "schema_migrations"."version" ASC[0m
Processing by PagesController#home as HTML
  [1m[36mQuote Load (23.0ms)[0m  [1m[34mSELECT  "quotes".* FROM "quotes" ORDER BY "quotes"."id" ASC LIMIT $1[0m  [["LIMIT", 1]]
  Rendering pages/home.html.erb within layouts/application
  Rendered pages/home.html.erb within layouts/application (6.7ms)
Completed 200 OK in 3804ms (Views: 3732.1ms | ActiveRecord: 32.4ms)


Started GET "/1" for ::1 at 2017-10-03 17:42:03 -0400
  
ActionController::RoutingError (No route matches [GET] "/1"):
  
actionpack (5.1.4) lib/action_dispatch/middleware/debug_exceptions.rb:63:in `call'
web-console (3.5.1) lib/web_console/middleware.rb:135:in `call_app'
web-console (3.5.1) lib/web_console/middleware.rb:28:in `block in call'
web-console (3.5.1) lib/web_console/middleware.rb:18:in `catch'
web-console (3.5.1) lib/web_console/middleware.rb:18:in `call'
actionpack (5.1.4) lib/action_dispatch/middleware/show_exceptions.rb:31:in `call'
railties (5.1.4) lib/rails/rack/logger.rb:36:in `call_app'
railties (5.1.4) lib/rails/rack/logger.rb:24:in `block in call'
activesupport (5.1.4) lib/active_support/tagged_logging.rb:69:in `block in tagged'
activesupport (5.1.4) lib/active_support/tagged_logging.rb:26:in `tagged'
activesupport (5.1.4) lib/active_support/tagged_logging.rb:69:in `tagged'
railties (5.1.4) lib/rails/rack/logger.rb:24:in `call'
sprockets-rails (3.2.1) lib/sprockets/rails/quiet_assets.rb:13:in `call'
actionpack (5.1.4) lib/action_dispatch/middleware/remote_ip.rb:79:in `call'
actionpack (5.1.4) lib/action_dispatch/middleware/request_id.rb:25:in `call'
rack (2.0.3) lib/rack/method_override.rb:22:in `call'
rack (2.0.3) lib/rack/runtime.rb:22:in `call'
activesupport (5.1.4) lib/active_support/cache/strategy/local_cache_middleware.rb:27:in `call'
actionpack (5.1.4) lib/action_dispatch/middleware/executor.rb:12:in `call'
actionpack (5.1.4) lib/action_dispatch/middleware/static.rb:125:in `call'
rack (2.0.3) lib/rack/sendfile.rb:111:in `call'
webpacker (3.0.1) lib/webpacker/dev_server_proxy.rb:17:in `perform_request'
rack-proxy (0.6.2) lib/rack/proxy.rb:57:in `call'
railties (5.1.4) lib/rails/engine.rb:522:in `call'
puma (3.10.0) lib/puma/configuration.rb:225:in `call'
puma (3.10.0) lib/puma/server.rb:605:in `handle_request'
puma (3.10.0) lib/puma/server.rb:437:in `process_client'
puma (3.10.0) lib/puma/server.rb:301:in `block in run'
puma (3.10.0) lib/puma/thread_pool.rb:120:in `block in spawn_thread'
Started GET "/api/quotes/1" for ::1 at 2017-10-03 17:42:07 -0400
Processing by Api::QuotesController#show as JSON
  Parameters: {"id"=>"1"}
  [1m[36mQuote Load (7.9ms)[0m  [1m[34mSELECT  "quotes".* FROM "quotes" WHERE "quotes"."id" = $1 LIMIT $2[0m  [["id", 1], ["LIMIT", 1]]
  Rendering api/quotes/show.json.jbuilder
  Rendered api/quotes/show.json.jbuilder (2.1ms)
Completed 500 Internal Server Error in 94ms (ActiveRecord: 25.8ms)


  
ActionView::Template::Error (Oops, implement me!):
    1: json.extract! @quote, :id, :text, :author, :next_id, :previous_id
  
app/models/quote.rb:3:in `next_id'
app/views/api/quotes/show.json.jbuilder:1:in `_app_views_api_quotes_show_json_jbuilder__2382106114798285472_70267165520060'
Started GET "/?quote=10" for ::1 at 2017-10-03 17:43:57 -0400
Processing by PagesController#home as HTML
  Parameters: {"quote"=>"10"}
  [1m[36mQuote Load (3.0ms)[0m  [1m[34mSELECT  "quotes".* FROM "quotes" ORDER BY "quotes"."id" ASC LIMIT $1[0m  [["LIMIT", 1]]
  Rendering pages/home.html.erb within layouts/application
  Rendered pages/home.html.erb within layouts/application (14.3ms)
Completed 200 OK in 108ms (Views: 66.0ms | ActiveRecord: 3.0ms)


Started GET "/" for ::1 at 2017-10-03 17:45:56 -0400
Processing by PagesController#home as HTML
  [1m[36mQuote Load (3.0ms)[0m  [1m[34mSELECT  "quotes".* FROM "quotes" ORDER BY "quotes"."id" ASC LIMIT $1[0m  [["LIMIT", 1]]
  Rendering pages/home.html.erb within layouts/application
  Rendered pages/home.html.erb within layouts/application (11.1ms)
Completed 200 OK in 82ms (Views: 52.2ms | ActiveRecord: 3.0ms)


Started GET "/api/quotes/1" for ::1 at 2017-10-03 18:04:10 -0400
Processing by Api::QuotesController#show as JSON
  Parameters: {"id"=>"1"}
  [1m[36mQuote Load (8.9ms)[0m  [1m[34mSELECT  "quotes".* FROM "quotes" WHERE "quotes"."id" = $1 LIMIT $2[0m  [["id", 1], ["LIMIT", 1]]
  Rendering api/quotes/show.json.jbuilder
  Rendered api/quotes/show.json.jbuilder (61.6ms)
Completed 500 Internal Server Error in 217ms (ActiveRecord: 8.9ms)


  
ActionView::Template::Error (Oops, implement me!):
    1: json.extract! @quote, :id, :text, :author, :next_id, :previous_id
  
app/models/quote.rb:3:in `next_id'
app/views/api/quotes/show.json.jbuilder:1:in `_app_views_api_quotes_show_json_jbuilder__2382106114798285472_70267169218040'
Started GET "/api/quotes/1" for ::1 at 2017-10-03 18:06:08 -0400
Processing by Api::QuotesController#show as JSON
  Parameters: {"id"=>"1"}
  [1m[36mQuote Load (1.1ms)[0m  [1m[34mSELECT  "quotes".* FROM "quotes" WHERE "quotes"."id" = $1 LIMIT $2[0m  [["id", 1], ["LIMIT", 1]]
  Rendering api/quotes/show.json.jbuilder
  [1m[35m (1.7ms)[0m  [1m[34mSELECT "quotes"."id" FROM "quotes" WHERE (id > 1)[0m
  [1m[35m (2.9ms)[0m  [1m[34mSELECT "quotes"."id" FROM "quotes" WHERE (id < 1)[0m
  Rendered api/quotes/show.json.jbuilder (41.7ms)
Completed 200 OK in 248ms (Views: 42.1ms | ActiveRecord: 5.7ms)


Started GET "/api/quotes/2" for ::1 at 2017-10-03 18:06:51 -0400
Processing by Api::QuotesController#show as JSON
  Parameters: {"id"=>"2"}
  [1m[36mQuote Load (0.6ms)[0m  [1m[34mSELECT  "quotes".* FROM "quotes" WHERE "quotes"."id" = $1 LIMIT $2[0m  [["id", 2], ["LIMIT", 1]]
  Rendering api/quotes/show.json.jbuilder
  [1m[35m (0.5ms)[0m  [1m[34mSELECT "quotes"."id" FROM "quotes" WHERE (id > 2)[0m
  [1m[35m (0.3ms)[0m  [1m[34mSELECT "quotes"."id" FROM "quotes" WHERE (id < 2)[0m
  Rendered api/quotes/show.json.jbuilder (3.6ms)
Completed 200 OK in 32ms (Views: 11.1ms | ActiveRecord: 1.5ms)


Started GET "/api/quotes/3" for ::1 at 2017-10-03 18:06:54 -0400
Processing by Api::QuotesController#show as JSON
  Parameters: {"id"=>"3"}
  [1m[36mQuote Load (4.5ms)[0m  [1m[34mSELECT  "quotes".* FROM "quotes" WHERE "quotes"."id" = $1 LIMIT $2[0m  [["id", 3], ["LIMIT", 1]]
  Rendering api/quotes/show.json.jbuilder
  [1m[35m (5.3ms)[0m  [1m[34mSELECT "quotes"."id" FROM "quotes" WHERE (id > 3)[0m
  [1m[35m (2.8ms)[0m  [1m[34mSELECT "quotes"."id" FROM "quotes" WHERE (id < 3)[0m
  Rendered api/quotes/show.json.jbuilder (22.6ms)
Completed 200 OK in 70ms (Views: 24.2ms | ActiveRecord: 12.7ms)


Started GET "/" for ::1 at 2017-10-03 18:06:59 -0400
Processing by PagesController#home as HTML
  [1m[36mQuote Load (0.9ms)[0m  [1m[34mSELECT  "quotes".* FROM "quotes" ORDER BY "quotes"."id" ASC LIMIT $1[0m  [["LIMIT", 1]]
  Rendering pages/home.html.erb within layouts/application
  Rendered pages/home.html.erb within layouts/application (13.2ms)
Completed 200 OK in 99ms (Views: 91.0ms | ActiveRecord: 0.9ms)


Started GET "/quotes/1" for ::1 at 2017-10-03 18:07:13 -0400
  
ActionController::RoutingError (No route matches [GET] "/quotes/1"):
  
actionpack (5.1.4) lib/action_dispatch/middleware/debug_exceptions.rb:63:in `call'
web-console (3.5.1) lib/web_console/middleware.rb:135:in `call_app'
web-console (3.5.1) lib/web_console/middleware.rb:28:in `block in call'
web-console (3.5.1) lib/web_console/middleware.rb:18:in `catch'
web-console (3.5.1) lib/web_console/middleware.rb:18:in `call'
actionpack (5.1.4) lib/action_dispatch/middleware/show_exceptions.rb:31:in `call'
railties (5.1.4) lib/rails/rack/logger.rb:36:in `call_app'
railties (5.1.4) lib/rails/rack/logger.rb:24:in `block in call'
activesupport (5.1.4) lib/active_support/tagged_logging.rb:69:in `block in tagged'
activesupport (5.1.4) lib/active_support/tagged_logging.rb:26:in `tagged'
activesupport (5.1.4) lib/active_support/tagged_logging.rb:69:in `tagged'
railties (5.1.4) lib/rails/rack/logger.rb:24:in `call'
sprockets-rails (3.2.1) lib/sprockets/rails/quiet_assets.rb:13:in `call'
actionpack (5.1.4) lib/action_dispatch/middleware/remote_ip.rb:79:in `call'
actionpack (5.1.4) lib/action_dispatch/middleware/request_id.rb:25:in `call'
rack (2.0.3) lib/rack/method_override.rb:22:in `call'
rack (2.0.3) lib/rack/runtime.rb:22:in `call'
activesupport (5.1.4) lib/active_support/cache/strategy/local_cache_middleware.rb:27:in `call'
actionpack (5.1.4) lib/action_dispatch/middleware/executor.rb:12:in `call'
actionpack (5.1.4) lib/action_dispatch/middleware/static.rb:125:in `call'
rack (2.0.3) lib/rack/sendfile.rb:111:in `call'
webpacker (3.0.1) lib/webpacker/dev_server_proxy.rb:17:in `perform_request'
rack-proxy (0.6.2) lib/rack/proxy.rb:57:in `call'
railties (5.1.4) lib/rails/engine.rb:522:in `call'
puma (3.10.0) lib/puma/configuration.rb:225:in `call'
puma (3.10.0) lib/puma/server.rb:605:in `handle_request'
puma (3.10.0) lib/puma/server.rb:437:in `process_client'
puma (3.10.0) lib/puma/server.rb:301:in `block in run'
puma (3.10.0) lib/puma/thread_pool.rb:120:in `block in spawn_thread'
Started GET "/api/quotes/1" for ::1 at 2017-10-03 18:07:18 -0400
Processing by Api::QuotesController#show as JSON
  Parameters: {"id"=>"1"}
  [1m[36mQuote Load (6.7ms)[0m  [1m[34mSELECT  "quotes".* FROM "quotes" WHERE "quotes"."id" = $1 LIMIT $2[0m  [["id", 1], ["LIMIT", 1]]
  Rendering api/quotes/show.json.jbuilder
  [1m[35m (6.3ms)[0m  [1m[34mSELECT "quotes"."id" FROM "quotes" WHERE (id > 1)[0m
  [1m[35m (0.5ms)[0m  [1m[34mSELECT "quotes"."id" FROM "quotes" WHERE (id < 1)[0m
  Rendered api/quotes/show.json.jbuilder (14.3ms)
Completed 200 OK in 39ms (Views: 19.8ms | ActiveRecord: 13.6ms)


Started GET "/api/quotes/1" for ::1 at 2017-10-03 18:07:44 -0400
Processing by Api::QuotesController#show as JSON
  Parameters: {"id"=>"1"}
  [1m[36mQuote Load (1.3ms)[0m  [1m[34mSELECT  "quotes".* FROM "quotes" WHERE "quotes"."id" = $1 LIMIT $2[0m  [["id", 1], ["LIMIT", 1]]
  Rendering api/quotes/show.json.jbuilder
  Rendered api/quotes/show.json.jbuilder (4.2ms)
Completed 500 Internal Server Error in 87ms (ActiveRecord: 35.0ms)


  
ActionView::Template::Error (wrong number of arguments (given 1, expected 0)):
    1: json.extract! @quote, :id, :text, :author, :next_id, :previous_id
  
app/models/quote.rb:4:in `next_id'
app/views/api/quotes/show.json.jbuilder:1:in `_app_views_api_quotes_show_json_jbuilder__2382106114798285472_70267160670680'
Started GET "/api/quotes/1" for ::1 at 2017-10-03 18:08:27 -0400
Processing by Api::QuotesController#show as JSON
  Parameters: {"id"=>"1"}
  [1m[36mQuote Load (0.4ms)[0m  [1m[34mSELECT  "quotes".* FROM "quotes" WHERE "quotes"."id" = $1 LIMIT $2[0m  [["id", 1], ["LIMIT", 1]]
  Rendering api/quotes/show.json.jbuilder
  [1m[35m (0.5ms)[0m  [1m[34mSELECT "quotes"."id" FROM "quotes" WHERE (id > 1)[0m
  [1m[35m (0.4ms)[0m  [1m[34mSELECT "quotes"."id" FROM "quotes" WHERE (id < 1)[0m
  Rendered api/quotes/show.json.jbuilder (5.3ms)
Completed 200 OK in 49ms (Views: 13.0ms | ActiveRecord: 1.3ms)


Started GET "/api/quotes/1" for ::1 at 2017-10-03 18:10:21 -0400
Processing by Api::QuotesController#show as JSON
  Parameters: {"id"=>"1"}
  [1m[36mQuote Load (1.2ms)[0m  [1m[34mSELECT  "quotes".* FROM "quotes" WHERE "quotes"."id" = $1 LIMIT $2[0m  [["id", 1], ["LIMIT", 1]]
  Rendering api/quotes/show.json.jbuilder
  Rendered api/quotes/show.json.jbuilder (4.0ms)
Completed 200 OK in 59ms (Views: 12.7ms | ActiveRecord: 1.2ms)


Started GET "/api/quotes/2" for ::1 at 2017-10-03 18:10:27 -0400
Processing by Api::QuotesController#show as JSON
  Parameters: {"id"=>"2"}
  [1m[36mQuote Load (1.1ms)[0m  [1m[34mSELECT  "quotes".* FROM "quotes" WHERE "quotes"."id" = $1 LIMIT $2[0m  [["id", 2], ["LIMIT", 1]]
  Rendering api/quotes/show.json.jbuilder
  Rendered api/quotes/show.json.jbuilder (1.2ms)
Completed 200 OK in 13ms (Views: 7.5ms | ActiveRecord: 1.1ms)


Started GET "/api/quotes/2" for ::1 at 2017-10-03 18:10:37 -0400
Processing by Api::QuotesController#show as JSON
  Parameters: {"id"=>"2"}
  [1m[36mQuote Load (0.3ms)[0m  [1m[34mSELECT  "quotes".* FROM "quotes" WHERE "quotes"."id" = $1 LIMIT $2[0m  [["id", 2], ["LIMIT", 1]]
  Rendering api/quotes/show.json.jbuilder
  Rendered api/quotes/show.json.jbuilder (1.8ms)
Completed 200 OK in 53ms (Views: 10.3ms | ActiveRecord: 11.4ms)


Started GET "/api/quotes/1" for ::1 at 2017-10-03 18:10:41 -0400
Processing by Api::QuotesController#show as JSON
  Parameters: {"id"=>"1"}
  [1m[36mQuote Load (0.8ms)[0m  [1m[34mSELECT  "quotes".* FROM "quotes" WHERE "quotes"."id" = $1 LIMIT $2[0m  [["id", 1], ["LIMIT", 1]]
  Rendering api/quotes/show.json.jbuilder
  Rendered api/quotes/show.json.jbuilder (2.5ms)
Completed 200 OK in 16ms (Views: 9.3ms | ActiveRecord: 0.8ms)


  [1m[35m (3.3ms)[0m  [1m[34mSELECT "schema_migrations"."version" FROM "schema_migrations" ORDER BY "schema_migrations"."version" ASC[0m
  [1m[35mSQL (19.6ms)[0m  [1m[31mDELETE FROM "quotes"[0m
  [1m[35m (0.2ms)[0m  [1m[35mBEGIN[0m
  [1m[35mSQL (2.4ms)[0m  [1m[32mINSERT INTO "quotes" ("text", "author", "created_at", "updated_at") VALUES ($1, $2, $3, $4) RETURNING "id"[0m  [["text", "Be yourself; everyone else is already taken."], ["author", "Oscar Wilde"], ["created_at", "2017-10-03 22:11:25.503232"], ["updated_at", "2017-10-03 22:11:25.503232"]]
  [1m[35m (0.6ms)[0m  [1m[35mCOMMIT[0m
  [1m[35m (0.2ms)[0m  [1m[35mBEGIN[0m
  [1m[35mSQL (0.5ms)[0m  [1m[32mINSERT INTO "quotes" ("text", "author", "created_at", "updated_at") VALUES ($1, $2, $3, $4) RETURNING "id"[0m  [["text", "Two things are infinite: the universe and human stupidity; and I'm not sure about the universe."], ["author", "Albert Einstein"], ["created_at", "2017-10-03 22:11:25.508701"], ["updated_at", "2017-10-03 22:11:25.508701"]]
  [1m[35m (0.4ms)[0m  [1m[35mCOMMIT[0m
  [1m[35m (0.1ms)[0m  [1m[35mBEGIN[0m
  [1m[35mSQL (0.4ms)[0m  [1m[32mINSERT INTO "quotes" ("text", "author", "created_at", "updated_at") VALUES ($1, $2, $3, $4) RETURNING "id"[0m  [["text", "So many books, so little time."], ["author", "Frank Zappa"], ["created_at", "2017-10-03 22:11:25.511386"], ["updated_at", "2017-10-03 22:11:25.511386"]]
  [1m[35m (0.4ms)[0m  [1m[35mCOMMIT[0m
  [1m[35m (0.1ms)[0m  [1m[35mBEGIN[0m
  [1m[35mSQL (0.4ms)[0m  [1m[32mINSERT INTO "quotes" ("text", "author", "created_at", "updated_at") VALUES ($1, $2, $3, $4) RETURNING "id"[0m  [["text", "Be the change that you wish to see in the world"], ["author", "Mahatma Gandhi"], ["created_at", "2017-10-03 22:11:25.513749"], ["updated_at", "2017-10-03 22:11:25.513749"]]
  [1m[35m (0.5ms)[0m  [1m[35mCOMMIT[0m
  [1m[35m (0.1ms)[0m  [1m[35mBEGIN[0m
  [1m[35mSQL (2.0ms)[0m  [1m[32mINSERT INTO "quotes" ("text", "author", "created_at", "updated_at") VALUES ($1, $2, $3, $4) RETURNING "id"[0m  [["text", "If you tell the truth, you don't have to remember anything."], ["author", "Mark Twain"], ["created_at", "2017-10-03 22:11:25.516264"], ["updated_at", "2017-10-03 22:11:25.516264"]]
  [1m[35m (0.5ms)[0m  [1m[35mCOMMIT[0m
Started GET "/?quote=10" for ::1 at 2017-10-03 18:11:37 -0400
  [1m[35m (1.8ms)[0m  [1m[34mSELECT "schema_migrations"."version" FROM "schema_migrations" ORDER BY "schema_migrations"."version" ASC[0m
Processing by PagesController#home as HTML
  Parameters: {"quote"=>"10"}
  [1m[36mQuote Load (1.8ms)[0m  [1m[34mSELECT  "quotes".* FROM "quotes" ORDER BY "quotes"."id" ASC LIMIT $1[0m  [["LIMIT", 1]]
  Rendering pages/home.html.erb within layouts/application
  Rendered pages/home.html.erb within layouts/application (8.4ms)
Started GET "/api/quotes/2" for ::1 at 2017-10-03 18:11:39 -0400
Completed 200 OK in 2332ms (Views: 2237.7ms | ActiveRecord: 40.9ms)


Processing by Api::QuotesController#show as JSON
  Parameters: {"id"=>"2"}
  [1m[36mQuote Load (5.1ms)[0m  [1m[34mSELECT  "quotes".* FROM "quotes" WHERE "quotes"."id" = $1 LIMIT $2[0m  [["id", 2], ["LIMIT", 1]]
Completed 404 Not Found in 133ms (ActiveRecord: 106.8ms)


  
ActiveRecord::RecordNotFound (Couldn't find Quote with 'id'=2):
  
app/controllers/api/quotes_controller.rb:3:in `show'
Started GET "/api/quotes/4" for ::1 at 2017-10-03 18:11:45 -0400
Processing by Api::QuotesController#show as JSON
  Parameters: {"id"=>"4"}
  [1m[36mQuote Load (0.8ms)[0m  [1m[34mSELECT  "quotes".* FROM "quotes" WHERE "quotes"."id" = $1 LIMIT $2[0m  [["id", 4], ["LIMIT", 1]]
Completed 404 Not Found in 12ms (ActiveRecord: 0.8ms)


  
ActiveRecord::RecordNotFound (Couldn't find Quote with 'id'=4):
  
app/controllers/api/quotes_controller.rb:3:in `show'
  [1m[35m (1.9ms)[0m  [1m[34mSELECT "schema_migrations"."version" FROM "schema_migrations" ORDER BY "schema_migrations"."version" ASC[0m
  [1m[35m (12.2ms)[0m  [1m[34mSELECT "ar_internal_metadata"."value" FROM "ar_internal_metadata" WHERE "ar_internal_metadata"."key" = $1[0m  [["key", "environment"]]
  [1m[35m (0.5ms)[0m  [1m[34mSELECT "schema_migrations"."version" FROM "schema_migrations" ORDER BY "schema_migrations"."version" ASC[0m
  [1m[35m (0.4ms)[0m  [1m[34mSELECT "ar_internal_metadata"."value" FROM "ar_internal_metadata" WHERE "ar_internal_metadata"."key" = $1[0m  [["key", "environment"]]
  [1m[35m (0.4ms)[0m  [1m[34mSELECT "schema_migrations"."version" FROM "schema_migrations" ORDER BY "schema_migrations"."version" ASC[0m
  [1m[35m (0.3ms)[0m  [1m[34mSELECT "ar_internal_metadata"."value" FROM "ar_internal_metadata" WHERE "ar_internal_metadata"."key" = $1[0m  [["key", "environment"]]
  [1m[35m (229.7ms)[0m  [1m[35mDROP DATABASE IF EXISTS "rails-react-starter-tutorial_development"[0m
  [1m[35m (240.9ms)[0m  [1m[35mDROP DATABASE IF EXISTS "rails-react-starter-tutorial_test"[0m
  [1m[35m (1068.3ms)[0m  [1m[35mCREATE DATABASE "rails-react-starter-tutorial_development" ENCODING = 'unicode'[0m
  [1m[35m (990.3ms)[0m  [1m[35mCREATE DATABASE "rails-react-starter-tutorial_test" ENCODING = 'unicode'[0m
  [1m[35mSQL (4.0ms)[0m  [1m[35mCREATE EXTENSION IF NOT EXISTS "plpgsql"[0m
  [1m[35m (2.5ms)[0m  [1m[35mDROP TABLE IF EXISTS "quotes" CASCADE[0m
  [1m[35m (35.6ms)[0m  [1m[35mCREATE TABLE "quotes" ("id" bigserial primary key, "text" character varying, "author" character varying, "created_at" timestamp NOT NULL, "updated_at" timestamp NOT NULL)[0m
  [1m[35m (5.7ms)[0m  [1m[35mCREATE TABLE "schema_migrations" ("version" character varying NOT NULL PRIMARY KEY)[0m
  [1m[35m (2.5ms)[0m  [1m[34mSELECT "schema_migrations"."version" FROM "schema_migrations" ORDER BY "schema_migrations"."version" ASC[0m
  [1m[35m (0.8ms)[0m  [1m[32mINSERT INTO "schema_migrations" (version) VALUES (20171002222507)[0m
  [1m[35m (8.3ms)[0m  [1m[35mCREATE TABLE "ar_internal_metadata" ("key" character varying NOT NULL PRIMARY KEY, "value" character varying, "created_at" timestamp NOT NULL, "updated_at" timestamp NOT NULL)[0m
  [1m[36mActiveRecord::InternalMetadata Load (2.2ms)[0m  [1m[34mSELECT  "ar_internal_metadata".* FROM "ar_internal_metadata" WHERE "ar_internal_metadata"."key" = $1 LIMIT $2[0m  [["key", "environment"], ["LIMIT", 1]]
  [1m[35m (0.3ms)[0m  [1m[35mBEGIN[0m
  [1m[35mSQL (1.0ms)[0m  [1m[32mINSERT INTO "ar_internal_metadata" ("key", "value", "created_at", "updated_at") VALUES ($1, $2, $3, $4) RETURNING "key"[0m  [["key", "environment"], ["value", "development"], ["created_at", "2017-10-03 22:12:12.054584"], ["updated_at", "2017-10-03 22:12:12.054584"]]
  [1m[35m (6.4ms)[0m  [1m[35mCOMMIT[0m
  [1m[36mActiveRecord::InternalMetadata Load (1.2ms)[0m  [1m[34mSELECT  "ar_internal_metadata".* FROM "ar_internal_metadata" WHERE "ar_internal_metadata"."key" = $1 LIMIT $2[0m  [["key", "environment"], ["LIMIT", 1]]
  [1m[35m (0.2ms)[0m  [1m[35mBEGIN[0m
  [1m[35m (0.3ms)[0m  [1m[35mCOMMIT[0m
  [1m[35mSQL (0.6ms)[0m  [1m[35mCREATE EXTENSION IF NOT EXISTS "plpgsql"[0m
  [1m[35m (0.3ms)[0m  [1m[35mDROP TABLE IF EXISTS "quotes" CASCADE[0m
  [1m[35m (16.7ms)[0m  [1m[35mCREATE TABLE "quotes" ("id" bigserial primary key, "text" character varying, "author" character varying, "created_at" timestamp NOT NULL, "updated_at" timestamp NOT NULL)[0m
  [1m[35m (6.0ms)[0m  [1m[35mCREATE TABLE "schema_migrations" ("version" character varying NOT NULL PRIMARY KEY)[0m
  [1m[35m (2.7ms)[0m  [1m[34mSELECT "schema_migrations"."version" FROM "schema_migrations" ORDER BY "schema_migrations"."version" ASC[0m
  [1m[35m (0.8ms)[0m  [1m[32mINSERT INTO "schema_migrations" (version) VALUES (20171002222507)[0m
  [1m[35m (8.0ms)[0m  [1m[35mCREATE TABLE "ar_internal_metadata" ("key" character varying NOT NULL PRIMARY KEY, "value" character varying, "created_at" timestamp NOT NULL, "updated_at" timestamp NOT NULL)[0m
  [1m[36mActiveRecord::InternalMetadata Load (2.2ms)[0m  [1m[34mSELECT  "ar_internal_metadata".* FROM "ar_internal_metadata" WHERE "ar_internal_metadata"."key" = $1 LIMIT $2[0m  [["key", "environment"], ["LIMIT", 1]]
  [1m[35m (0.2ms)[0m  [1m[35mBEGIN[0m
  [1m[35mSQL (1.2ms)[0m  [1m[32mINSERT INTO "ar_internal_metadata" ("key", "value", "created_at", "updated_at") VALUES ($1, $2, $3, $4) RETURNING "key"[0m  [["key", "environment"], ["value", "development"], ["created_at", "2017-10-03 22:12:12.174282"], ["updated_at", "2017-10-03 22:12:12.174282"]]
  [1m[35m (0.5ms)[0m  [1m[35mCOMMIT[0m
  [1m[36mActiveRecord::InternalMetadata Load (0.3ms)[0m  [1m[34mSELECT  "ar_internal_metadata".* FROM "ar_internal_metadata" WHERE "ar_internal_metadata"."key" = $1 LIMIT $2[0m  [["key", "environment"], ["LIMIT", 1]]
  [1m[35m (0.1ms)[0m  [1m[35mBEGIN[0m
  [1m[35m (0.1ms)[0m  [1m[35mCOMMIT[0m
  [1m[35m (2.9ms)[0m  [1m[34mSELECT "schema_migrations"."version" FROM "schema_migrations" ORDER BY "schema_migrations"."version" ASC[0m
  [1m[35mSQL (3.3ms)[0m  [1m[31mDELETE FROM "quotes"[0m
  [1m[35m (0.3ms)[0m  [1m[35mBEGIN[0m
  [1m[35mSQL (1.2ms)[0m  [1m[32mINSERT INTO "quotes" ("text", "author", "created_at", "updated_at") VALUES ($1, $2, $3, $4) RETURNING "id"[0m  [["text", "Be yourself; everyone else is already taken."], ["author", "Oscar Wilde"], ["created_at", "2017-10-03 22:12:12.272851"], ["updated_at", "2017-10-03 22:12:12.272851"]]
  [1m[35m (3.0ms)[0m  [1m[35mCOMMIT[0m
  [1m[35m (0.2ms)[0m  [1m[35mBEGIN[0m
  [1m[35mSQL (0.7ms)[0m  [1m[32mINSERT INTO "quotes" ("text", "author", "created_at", "updated_at") VALUES ($1, $2, $3, $4) RETURNING "id"[0m  [["text", "Two things are infinite: the universe and human stupidity; and I'm not sure about the universe."], ["author", "Albert Einstein"], ["created_at", "2017-10-03 22:12:12.280782"], ["updated_at", "2017-10-03 22:12:12.280782"]]
  [1m[35m (0.5ms)[0m  [1m[35mCOMMIT[0m
  [1m[35m (0.2ms)[0m  [1m[35mBEGIN[0m
  [1m[35mSQL (0.5ms)[0m  [1m[32mINSERT INTO "quotes" ("text", "author", "created_at", "updated_at") VALUES ($1, $2, $3, $4) RETURNING "id"[0m  [["text", "So many books, so little time."], ["author", "Frank Zappa"], ["created_at", "2017-10-03 22:12:12.284776"], ["updated_at", "2017-10-03 22:12:12.284776"]]
  [1m[35m (0.5ms)[0m  [1m[35mCOMMIT[0m
  [1m[35m (0.1ms)[0m  [1m[35mBEGIN[0m
  [1m[35mSQL (0.4ms)[0m  [1m[32mINSERT INTO "quotes" ("text", "author", "created_at", "updated_at") VALUES ($1, $2, $3, $4) RETURNING "id"[0m  [["text", "Be the change that you wish to see in the world"], ["author", "Mahatma Gandhi"], ["created_at", "2017-10-03 22:12:12.287726"], ["updated_at", "2017-10-03 22:12:12.287726"]]
  [1m[35m (0.4ms)[0m  [1m[35mCOMMIT[0m
  [1m[35m (0.2ms)[0m  [1m[35mBEGIN[0m
  [1m[35mSQL (0.4ms)[0m  [1m[32mINSERT INTO "quotes" ("text", "author", "created_at", "updated_at") VALUES ($1, $2, $3, $4) RETURNING "id"[0m  [["text", "If you tell the truth, you don't have to remember anything."], ["author", "Mark Twain"], ["created_at", "2017-10-03 22:12:12.290141"], ["updated_at", "2017-10-03 22:12:12.290141"]]
  [1m[35m (0.4ms)[0m  [1m[35mCOMMIT[0m
Started GET "/api/quotes/" for ::1 at 2017-10-03 18:12:42 -0400
  [1m[35m (1.1ms)[0m  [1m[34mSELECT "schema_migrations"."version" FROM "schema_migrations" ORDER BY "schema_migrations"."version" ASC[0m
  
ActionController::RoutingError (No route matches [GET] "/api/quotes"):
  
actionpack (5.1.4) lib/action_dispatch/middleware/debug_exceptions.rb:63:in `call'
web-console (3.5.1) lib/web_console/middleware.rb:135:in `call_app'
web-console (3.5.1) lib/web_console/middleware.rb:28:in `block in call'
web-console (3.5.1) lib/web_console/middleware.rb:18:in `catch'
web-console (3.5.1) lib/web_console/middleware.rb:18:in `call'
actionpack (5.1.4) lib/action_dispatch/middleware/show_exceptions.rb:31:in `call'
railties (5.1.4) lib/rails/rack/logger.rb:36:in `call_app'
railties (5.1.4) lib/rails/rack/logger.rb:24:in `block in call'
activesupport (5.1.4) lib/active_support/tagged_logging.rb:69:in `block in tagged'
activesupport (5.1.4) lib/active_support/tagged_logging.rb:26:in `tagged'
activesupport (5.1.4) lib/active_support/tagged_logging.rb:69:in `tagged'
railties (5.1.4) lib/rails/rack/logger.rb:24:in `call'
sprockets-rails (3.2.1) lib/sprockets/rails/quiet_assets.rb:13:in `call'
actionpack (5.1.4) lib/action_dispatch/middleware/remote_ip.rb:79:in `call'
actionpack (5.1.4) lib/action_dispatch/middleware/request_id.rb:25:in `call'
rack (2.0.3) lib/rack/method_override.rb:22:in `call'
rack (2.0.3) lib/rack/runtime.rb:22:in `call'
activesupport (5.1.4) lib/active_support/cache/strategy/local_cache_middleware.rb:27:in `call'
actionpack (5.1.4) lib/action_dispatch/middleware/executor.rb:12:in `call'
actionpack (5.1.4) lib/action_dispatch/middleware/static.rb:125:in `call'
rack (2.0.3) lib/rack/sendfile.rb:111:in `call'
webpacker (3.0.1) lib/webpacker/dev_server_proxy.rb:17:in `perform_request'
rack-proxy (0.6.2) lib/rack/proxy.rb:57:in `call'
railties (5.1.4) lib/rails/engine.rb:522:in `call'
puma (3.10.0) lib/puma/configuration.rb:225:in `call'
puma (3.10.0) lib/puma/server.rb:605:in `handle_request'
puma (3.10.0) lib/puma/server.rb:437:in `process_client'
puma (3.10.0) lib/puma/server.rb:301:in `block in run'
puma (3.10.0) lib/puma/thread_pool.rb:120:in `block in spawn_thread'
Started GET "/?quote=10" for ::1 at 2017-10-03 18:12:43 -0400
Processing by PagesController#home as HTML
  Parameters: {"quote"=>"10"}
  [1m[36mQuote Load (1.3ms)[0m  [1m[34mSELECT  "quotes".* FROM "quotes" ORDER BY "quotes"."id" ASC LIMIT $1[0m  [["LIMIT", 1]]
  Rendering pages/home.html.erb within layouts/application
  Rendered pages/home.html.erb within layouts/application (5.7ms)
Started GET "/api/quotes/1" for ::1 at 2017-10-03 18:12:45 -0400
Completed 200 OK in 2623ms (Views: 2387.3ms | ActiveRecord: 196.3ms)


Processing by Api::QuotesController#show as JSON
  Parameters: {"id"=>"1"}
  [1m[36mQuote Load (0.9ms)[0m  [1m[34mSELECT  "quotes".* FROM "quotes" WHERE "quotes"."id" = $1 LIMIT $2[0m  [["id", 1], ["LIMIT", 1]]
  Rendering api/quotes/show.json.jbuilder
  [1m[35m (6.0ms)[0m  [1m[34mSELECT "quotes"."id" FROM "quotes" WHERE (id > 1)[0m
  [1m[35m (7.2ms)[0m  [1m[34mSELECT "quotes"."id" FROM "quotes" WHERE (id < 1)[0m
  Rendered api/quotes/show.json.jbuilder (21.0ms)
Completed 200 OK in 63ms (Views: 16.2ms | ActiveRecord: 22.4ms)


  [1m[36mQuote Load (5.3ms)[0m  [1m[34mSELECT  "quotes".* FROM "quotes" WHERE (id>2) LIMIT $1[0m  [["LIMIT", 11]]
  [1m[35m (13.8ms)[0m  [1m[34mSELECT COUNT(*) FROM "quotes" WHERE (id>2)[0m
  [1m[36mQuote Load (0.8ms)[0m  [1m[34mSELECT  "quotes".* FROM "quotes" WHERE (id>3) LIMIT $1[0m  [["LIMIT", 11]]
  [1m[35m (0.8ms)[0m  [1m[34mSELECT "quotes"."id" FROM "quotes" WHERE (id>3)[0m
Started GET "/" for ::1 at 2017-10-03 18:14:20 -0400
Processing by PagesController#home as HTML
  [1m[36mQuote Load (1.0ms)[0m  [1m[34mSELECT  "quotes".* FROM "quotes" ORDER BY "quotes"."id" ASC LIMIT $1[0m  [["LIMIT", 1]]
  Rendering pages/home.html.erb within layouts/application
  Rendered pages/home.html.erb within layouts/application (7.5ms)
Completed 200 OK in 121ms (Views: 104.2ms | ActiveRecord: 1.0ms)


Started GET "/pages/home" for ::1 at 2017-10-03 18:14:54 -0400
Processing by PagesController#home as HTML
  [1m[36mQuote Load (4.0ms)[0m  [1m[34mSELECT  "quotes".* FROM "quotes" ORDER BY "quotes"."id" ASC LIMIT $1[0m  [["LIMIT", 1]]
  Rendering pages/home.html.erb within layouts/application
  Rendered pages/home.html.erb within layouts/application (13.4ms)
Completed 200 OK in 76ms (Views: 50.4ms | ActiveRecord: 4.0ms)


Started GET "/" for ::1 at 2017-10-03 18:15:07 -0400
Processing by PagesController#home as HTML
  [1m[36mQuote Load (0.5ms)[0m  [1m[34mSELECT  "quotes".* FROM "quotes" ORDER BY "quotes"."id" ASC LIMIT $1[0m  [["LIMIT", 1]]
  Rendering pages/home.html.erb within layouts/application
  Rendered pages/home.html.erb within layouts/application (3.9ms)
Completed 200 OK in 60ms (Views: 27.6ms | ActiveRecord: 10.6ms)


Started GET "/" for ::1 at 2017-10-03 18:15:36 -0400
Processing by PagesController#home as HTML
  [1m[36mQuote Load (1.3ms)[0m  [1m[34mSELECT  "quotes".* FROM "quotes" ORDER BY "quotes"."id" ASC LIMIT $1[0m  [["LIMIT", 1]]
  Rendering pages/home.html.erb within layouts/application
  Rendered pages/home.html.erb within layouts/application (7.1ms)
Completed 200 OK in 63ms (Views: 39.1ms | ActiveRecord: 1.3ms)


Started GET "/" for ::1 at 2017-10-03 18:23:07 -0400
Processing by PagesController#home as HTML
  [1m[36mQuote Load (1.7ms)[0m  [1m[34mSELECT  "quotes".* FROM "quotes" ORDER BY "quotes"."id" ASC LIMIT $1[0m  [["LIMIT", 1]]
  Rendering pages/home.html.erb within layouts/application
  Rendered pages/home.html.erb within layouts/application (12.5ms)
Completed 200 OK in 92ms (Views: 61.9ms | ActiveRecord: 1.7ms)


Started GET "/" for ::1 at 2017-10-03 18:23:27 -0400
Processing by PagesController#home as HTML
  [1m[36mQuote Load (2.5ms)[0m  [1m[34mSELECT  "quotes".* FROM "quotes" ORDER BY "quotes"."id" ASC LIMIT $1[0m  [["LIMIT", 1]]
  Rendering pages/home.html.erb within layouts/application
  Rendered pages/home.html.erb within layouts/application (4.9ms)
Completed 200 OK in 49ms (Views: 39.7ms | ActiveRecord: 2.5ms)


Started GET "/" for ::1 at 2017-10-03 18:28:46 -0400
Processing by PagesController#home as HTML
  [1m[36mQuote Load (1.8ms)[0m  [1m[34mSELECT  "quotes".* FROM "quotes" ORDER BY "quotes"."id" ASC LIMIT $1[0m  [["LIMIT", 1]]
  Rendering pages/home.html.erb within layouts/application
  Rendered pages/home.html.erb within layouts/application (218.2ms)
Completed 200 OK in 361ms (Views: 312.9ms | ActiveRecord: 1.8ms)


Started GET "/?quote=9" for ::1 at 2017-10-03 18:29:05 -0400
Processing by PagesController#home as HTML
  Parameters: {"quote"=>"9"}
  [1m[36mQuote Load (3.2ms)[0m  [1m[34mSELECT  "quotes".* FROM "quotes" ORDER BY "quotes"."id" ASC LIMIT $1[0m  [["LIMIT", 1]]
  Rendering pages/home.html.erb within layouts/application
  Rendered pages/home.html.erb within layouts/application (17.2ms)
Completed 200 OK in 164ms (Views: 75.1ms | ActiveRecord: 3.2ms)


Started GET "/" for ::1 at 2017-10-03 18:29:21 -0400
Started GET "/?quote=9" for ::1 at 2017-10-03 18:29:21 -0400
Processing by PagesController#home as HTML
Processing by PagesController#home as HTML
  Parameters: {"quote"=>"9"}
  [1m[36mQuote Load (1.7ms)[0m  [1m[34mSELECT  "quotes".* FROM "quotes" ORDER BY "quotes"."id" ASC LIMIT $1[0m  [["LIMIT", 1]]
  [1m[36mQuote Load (5.6ms)[0m  [1m[34mSELECT  "quotes".* FROM "quotes" ORDER BY "quotes"."id" ASC LIMIT $1[0m  [["LIMIT", 1]]
  Rendering pages/home.html.erb within layouts/application
  Rendered pages/home.html.erb within layouts/application (18.2ms)
  Rendering pages/home.html.erb within layouts/application
  Rendered pages/home.html.erb within layouts/application (88.3ms)
Completed 200 OK in 265ms (Views: 243.8ms | ActiveRecord: 1.7ms)


Completed 200 OK in 292ms (Views: 234.8ms | ActiveRecord: 5.6ms)


Started GET "/" for ::1 at 2017-10-03 18:30:49 -0400
Processing by PagesController#home as HTML
  [1m[36mQuote Load (0.9ms)[0m  [1m[34mSELECT  "quotes".* FROM "quotes" ORDER BY "quotes"."id" ASC LIMIT $1[0m  [["LIMIT", 1]]
  Rendering pages/home.html.erb within layouts/application
Started GET "/?quote=9" for ::1 at 2017-10-03 18:30:49 -0400
Processing by PagesController#home as HTML
  Parameters: {"quote"=>"9"}
  Rendered pages/home.html.erb within layouts/application (40.4ms)
  [1m[36mQuote Load (13.1ms)[0m  [1m[34mSELECT  "quotes".* FROM "quotes" ORDER BY "quotes"."id" ASC LIMIT $1[0m  [["LIMIT", 1]]
  Rendering pages/home.html.erb within layouts/application
  Rendered pages/home.html.erb within layouts/application (44.6ms)
Completed 200 OK in 184ms (Views: 148.0ms | ActiveRecord: 13.1ms)


Completed 200 OK in 222ms (Views: 216.3ms | ActiveRecord: 0.9ms)


Started GET "/api/quotes1" for ::1 at 2017-10-03 18:34:24 -0400
  
ActionController::RoutingError (No route matches [GET] "/api/quotes1"):
  
actionpack (5.1.4) lib/action_dispatch/middleware/debug_exceptions.rb:63:in `call'
web-console (3.5.1) lib/web_console/middleware.rb:135:in `call_app'
web-console (3.5.1) lib/web_console/middleware.rb:28:in `block in call'
web-console (3.5.1) lib/web_console/middleware.rb:18:in `catch'
web-console (3.5.1) lib/web_console/middleware.rb:18:in `call'
actionpack (5.1.4) lib/action_dispatch/middleware/show_exceptions.rb:31:in `call'
railties (5.1.4) lib/rails/rack/logger.rb:36:in `call_app'
railties (5.1.4) lib/rails/rack/logger.rb:24:in `block in call'
activesupport (5.1.4) lib/active_support/tagged_logging.rb:69:in `block in tagged'
activesupport (5.1.4) lib/active_support/tagged_logging.rb:26:in `tagged'
activesupport (5.1.4) lib/active_support/tagged_logging.rb:69:in `tagged'
railties (5.1.4) lib/rails/rack/logger.rb:24:in `call'
sprockets-rails (3.2.1) lib/sprockets/rails/quiet_assets.rb:13:in `call'
actionpack (5.1.4) lib/action_dispatch/middleware/remote_ip.rb:79:in `call'
actionpack (5.1.4) lib/action_dispatch/middleware/request_id.rb:25:in `call'
rack (2.0.3) lib/rack/method_override.rb:22:in `call'
rack (2.0.3) lib/rack/runtime.rb:22:in `call'
activesupport (5.1.4) lib/active_support/cache/strategy/local_cache_middleware.rb:27:in `call'
actionpack (5.1.4) lib/action_dispatch/middleware/executor.rb:12:in `call'
actionpack (5.1.4) lib/action_dispatch/middleware/static.rb:125:in `call'
rack (2.0.3) lib/rack/sendfile.rb:111:in `call'
webpacker (3.0.1) lib/webpacker/dev_server_proxy.rb:17:in `perform_request'
rack-proxy (0.6.2) lib/rack/proxy.rb:57:in `call'
railties (5.1.4) lib/rails/engine.rb:522:in `call'
puma (3.10.0) lib/puma/configuration.rb:225:in `call'
puma (3.10.0) lib/puma/server.rb:605:in `handle_request'
puma (3.10.0) lib/puma/server.rb:437:in `process_client'
puma (3.10.0) lib/puma/server.rb:301:in `block in run'
puma (3.10.0) lib/puma/thread_pool.rb:120:in `block in spawn_thread'
Started GET "/api/quotes/1" for ::1 at 2017-10-03 18:34:27 -0400
Processing by Api::QuotesController#show as JSON
  Parameters: {"id"=>"1"}
  [1m[36mQuote Load (2.7ms)[0m  [1m[34mSELECT  "quotes".* FROM "quotes" WHERE "quotes"."id" = $1 LIMIT $2[0m  [["id", 1], ["LIMIT", 1]]
  Rendering api/quotes/show.json.jbuilder
  [1m[35m (0.6ms)[0m  [1m[34mSELECT "quotes"."id" FROM "quotes" WHERE (id > 1)[0m
  [1m[35m (1.0ms)[0m  [1m[34mSELECT "quotes"."id" FROM "quotes" WHERE (id < 1)[0m
  Rendered api/quotes/show.json.jbuilder (7.7ms)
Completed 200 OK in 47ms (Views: 13.1ms | ActiveRecord: 4.3ms)


